2025-06-09 17:55:11 INFO  TC01_AccountRegister:16 - **** Starting TC01_AccountRegister  ******
2025-06-09 17:55:11 INFO  TC01_AccountRegister:22 - Click on MyAccount link
2025-06-09 17:55:11 INFO  TC01_AccountRegister:26 - Click on Register link
2025-06-09 17:55:11 INFO  TC01_AccountRegister:30 - Providing Customer Details
2025-06-09 17:55:13 INFO  TC01_AccountRegister:45 - Validating expected message
2025-06-09 17:55:13 INFO  TC01_AccountRegister:70 - **** Finished TC01_AccountRegister  ******
2025-06-09 17:55:19 INFO  TC02_LoginTest:17 - **** Starting TC02_LoginTest *****
2025-06-09 17:55:21 INFO  TC02_LoginTest:45 - **** Finished TC02_LoginTest *****
2025-06-09 18:14:04 INFO  TC01_AccountRegister:16 - **** Starting TC01_AccountRegister  ******
2025-06-09 18:14:04 INFO  TC01_AccountRegister:22 - Click on MyAccount link
2025-06-09 18:14:05 INFO  TC01_AccountRegister:26 - Click on Register link
2025-06-09 18:14:05 INFO  TC01_AccountRegister:30 - Providing Customer Details
2025-06-09 18:14:06 INFO  TC01_AccountRegister:45 - Validating expected message
2025-06-09 18:14:06 INFO  TC01_AccountRegister:70 - **** Finished TC01_AccountRegister  ******
2025-06-09 18:14:12 INFO  TC02_LoginTest:17 - **** Starting TC02_LoginTest *****
2025-06-09 18:14:14 INFO  TC02_LoginTest:45 - **** Finished TC02_LoginTest *****
2025-06-09 18:22:29 INFO  TC01_AccountRegister:16 - **** Starting TC01_AccountRegister  ******
2025-06-09 18:22:29 INFO  TC01_AccountRegister:22 - Click on MyAccount link
2025-06-09 18:22:29 INFO  TC01_AccountRegister:26 - Click on Register link
2025-06-09 18:22:29 INFO  TC01_AccountRegister:30 - Providing Customer Details
2025-06-09 18:22:31 INFO  TC01_AccountRegister:45 - Validating expected message
2025-06-09 18:22:31 INFO  TC01_AccountRegister:70 - **** Finished TC01_AccountRegister  ******
2025-06-09 18:22:36 INFO  TC02_LoginTest:17 - **** Starting TC02_LoginTest *****
2025-06-09 18:22:38 INFO  TC02_LoginTest:45 - **** Finished TC02_LoginTest *****
